<?xml version="1.0" encoding="UTF-8"?>
<Site BuildName="(empty)"
	BuildStamp="20250728-0651-Experimental"
	Name="(empty)"
	Generator="ctest-3.22.1"
	CompilerName=""
	CompilerVersion=""
	OSName="Linux"
	Hostname="b6-MS-7D08"
	OSRelease="6.8.0-64-generic"
	OSVersion="#67~22.04.1-Ubuntu SMP PREEMPT_DYNAMIC Tue Jun 24 15:19:46 UTC 2"
	OSPlatform="x86_64"
	Is64Bits="1"
	VendorString="GenuineIntel"
	VendorID="Intel Corporation"
	FamilyID="6"
	ModelID="167"
	ProcessorCacheSize="16384"
	NumberOfLogicalCPU="16"
	NumberOfPhysicalCPU="8"
	TotalVirtualMemory="2047"
	TotalPhysicalMemory="31991"
	LogicalProcessorsPerPhysical="2"
	ProcessorClockFrequency="4554.25"
	>
	<Testing>
		<StartDateTime>Jul 28 13:56 +07</StartDateTime>
		<StartTestTime>1753685817</StartTestTime>
		<TestList/>
		<EndDateTime>Jul 28 13:56 +07</EndDateTime>
		<EndTestTime>1753685817</EndTestTime>
		<ElapsedMinutes>0</ElapsedMinutes>
	</Testing>
</Site>
